# JRE version: OpenJDK Runtime Environment (8.0_152-b02) (build 1.8.0_152-release-1024-b02)
# Java VM: OpenJDK 64-Bit Server VM (25.152-b02 mixed mode windows-amd64 compressed oops)
Heap:
 PSYoungGen      total 102912K, used 48450K [0x00000000e0000000, 0x00000000e6f80000, 0x0000000100000000)
  eden space 93696K, 45% used [0x00000000e0000000,0x00000000e2a13bb0,0x00000000e5b80000)
  from space 9216K, 58% used [0x00000000e6480000,0x00000000e69bcc60,0x00000000e6d80000)
  to   space 9216K, 0% used [0x00000000e5b80000,0x00000000e5b80000,0x00000000e6480000)
 ParOldGen       total 55296K, used 28415K [0x00000000a0000000, 0x00000000a3600000, 0x00000000e0000000)
  object space 55296K, 51% used [0x00000000a0000000,0x00000000a1bbfed0,0x00000000a3600000)
 Metaspace       used 51599K, capacity 53204K, committed 53376K, reserved 1095680K
  class space    used 7069K, capacity 7453K, committed 7552K, reserved 1048576K
GC Heap History (10 events):
Event: 20.236 GC heap before
{Heap before GC invocations=14 (full 1):
 PSYoungGen      total 63488K, used 29229K [0x00000000e0000000, 0x00000000e4b00000, 0x0000000100000000)
  eden space 57856K, 41% used [0x00000000e0000000,0x00000000e176dc58,0x00000000e3880000)
  from space 5632K, 93% used [0x00000000e3e00000,0x00000000e431d908,0x00000000e4380000)
  to   space 5632K, 0% used [0x00000000e3880000,0x00000000e3880000,0x00000000e3e00000)
 ParOldGen       total 33792K, used 11306K [0x00000000a0000000, 0x00000000a2100000, 0x00000000e0000000)
  object space 33792K, 33% used [0x00000000a0000000,0x00000000a0b0aaa0,0x00000000a2100000)
 Metaspace       used 34768K, capacity 35324K, committed 35416K, reserved 1079296K
  class space    used 4793K, capacity 4972K, committed 4992K, reserved 1048576K
Event: 20.254 GC heap after
Heap after GC invocations=14 (full 1):
 PSYoungGen      total 63488K, used 5621K [0x00000000e0000000, 0x00000000e5700000, 0x0000000100000000)
  eden space 57856K, 0% used [0x00000000e0000000,0x00000000e0000000,0x00000000e3880000)
  from space 5632K, 99% used [0x00000000e3880000,0x00000000e3dfd598,0x00000000e3e00000)
  to   space 6656K, 0% used [0x00000000e5080000,0x00000000e5080000,0x00000000e5700000)
 ParOldGen       total 33792K, used 12071K [0x00000000a0000000, 0x00000000a2100000, 0x00000000e0000000)
  object space 33792K, 35% used [0x00000000a0000000,0x00000000a0bc9ce0,0x00000000a2100000)
 Metaspace       used 34768K, capacity 35324K, committed 35416K, reserved 1079296K
  class space    used 4793K, capacity 4972K, committed 4992K, reserved 1048576K
}
Event: 20.255 GC heap before
{Heap before GC invocations=15 (full 2):
 PSYoungGen      total 63488K, used 5621K [0x00000000e0000000, 0x00000000e5700000, 0x0000000100000000)
  eden space 57856K, 0% used [0x00000000e0000000,0x00000000e0000000,0x00000000e3880000)
  from space 5632K, 99% used [0x00000000e3880000,0x00000000e3dfd598,0x00000000e3e00000)
  to   space 6656K, 0% used [0x00000000e5080000,0x00000000e5080000,0x00000000e5700000)
 ParOldGen       total 33792K, used 12071K [0x00000000a0000000, 0x00000000a2100000, 0x00000000e0000000)
  object space 33792K, 35% used [0x00000000a0000000,0x00000000a0bc9ce0,0x00000000a2100000)
 Metaspace       used 34768K, capacity 35324K, committed 35416K, reserved 1079296K
  class space    used 4793K, capacity 4972K, committed 4992K, reserved 1048576K
Event: 20.457 GC heap after
Heap after GC invocations=15 (full 2):
 PSYoungGen      total 63488K, used 0K [0x00000000e0000000, 0x00000000e5700000, 0x0000000100000000)
  eden space 57856K, 0% used [0x00000000e0000000,0x00000000e0000000,0x00000000e3880000)
  from space 5632K, 0% used [0x00000000e3880000,0x00000000e3880000,0x00000000e3e00000)
  to   space 6656K, 0% used [0x00000000e5080000,0x00000000e5080000,0x00000000e5700000)
 ParOldGen       total 55296K, used 16154K [0x00000000a0000000, 0x00000000a3600000, 0x00000000e0000000)
  object space 55296K, 29% used [0x00000000a0000000,0x00000000a0fc69d0,0x00000000a3600000)
 Metaspace       used 34768K, capacity 35324K, committed 35416K, reserved 1079296K
  class space    used 4793K, capacity 4972K, committed 4992K, reserved 1048576K
}
Event: 22.010 GC heap before
{Heap before GC invocations=16 (full 2):
 PSYoungGen      total 63488K, used 57856K [0x00000000e0000000, 0x00000000e5700000, 0x0000000100000000)
  eden space 57856K, 100% used [0x00000000e0000000,0x00000000e3880000,0x00000000e3880000)
  from space 5632K, 0% used [0x00000000e3880000,0x00000000e3880000,0x00000000e3e00000)
  to   space 6656K, 0% used [0x00000000e5080000,0x00000000e5080000,0x00000000e5700000)
 ParOldGen       total 55296K, used 16154K [0x00000000a0000000, 0x00000000a3600000, 0x00000000e0000000)
  object space 55296K, 29% used [0x00000000a0000000,0x00000000a0fc69d0,0x00000000a3600000)
 Metaspace       used 38029K, capacity 38762K, committed 39040K, reserved 1083392K
  class space    used 5184K, capacity 5433K, committed 5504K, reserved 1048576K
Event: 22.021 GC heap after
Heap after GC invocations=16 (full 2):
 PSYoungGen      total 78336K, used 4980K [0x00000000e0000000, 0x00000000e5580000, 0x0000000100000000)
  eden space 73216K, 0% used [0x00000000e0000000,0x00000000e0000000,0x00000000e4780000)
  from space 5120K, 97% used [0x00000000e5080000,0x00000000e555d1d0,0x00000000e5580000)
  to   space 6656K, 0% used [0x00000000e4880000,0x00000000e4880000,0x00000000e4f00000)
 ParOldGen       total 55296K, used 16162K [0x00000000a0000000, 0x00000000a3600000, 0x00000000e0000000)
  object space 55296K, 29% used [0x00000000a0000000,0x00000000a0fc89d0,0x00000000a3600000)
 Metaspace       used 38029K, capacity 38762K, committed 39040K, reserved 1083392K
  class space    used 5184K, capacity 5433K, committed 5504K, reserved 1048576K
}
Event: 24.445 GC heap before
{Heap before GC invocations=17 (full 2):
 PSYoungGen      total 78336K, used 78196K [0x00000000e0000000, 0x00000000e5580000, 0x0000000100000000)
  eden space 73216K, 100% used [0x00000000e0000000,0x00000000e4780000,0x00000000e4780000)
  from space 5120K, 97% used [0x00000000e5080000,0x00000000e555d1d0,0x00000000e5580000)
  to   space 6656K, 0% used [0x00000000e4880000,0x00000000e4880000,0x00000000e4f00000)
 ParOldGen       total 55296K, used 16162K [0x00000000a0000000, 0x00000000a3600000, 0x00000000e0000000)
  object space 55296K, 29% used [0x00000000a0000000,0x00000000a0fc89d0,0x00000000a3600000)
 Metaspace       used 43199K, capacity 44050K, committed 44160K, reserved 1087488K
  class space    used 5965K, capacity 6244K, committed 6272K, reserved 1048576K
Event: 24.479 GC heap after
Heap after GC invocations=17 (full 2):
 PSYoungGen      total 80896K, used 6644K [0x00000000e0000000, 0x00000000e6d80000, 0x0000000100000000)
  eden space 74240K, 0% used [0x00000000e0000000,0x00000000e0000000,0x00000000e4880000)
  from space 6656K, 99% used [0x00000000e4880000,0x00000000e4efd300,0x00000000e4f00000)
  to   space 9216K, 0% used [0x00000000e6480000,0x00000000e6480000,0x00000000e6d80000)
 ParOldGen       total 55296K, used 21741K [0x00000000a0000000, 0x00000000a3600000, 0x00000000e0000000)
  object space 55296K, 39% used [0x00000000a0000000,0x00000000a153b568,0x00000000a3600000)
 Metaspace       used 43199K, capacity 44050K, committed 44160K, reserved 1087488K
  class space    used 5965K, capacity 6244K, committed 6272K, reserved 1048576K
}
Event: 26.498 GC heap before
{Heap before GC invocations=18 (full 2):
 PSYoungGen      total 80896K, used 80884K [0x00000000e0000000, 0x00000000e6d80000, 0x0000000100000000)
  eden space 74240K, 100% used [0x00000000e0000000,0x00000000e4880000,0x00000000e4880000)
  from space 6656K, 99% used [0x00000000e4880000,0x00000000e4efd300,0x00000000e4f00000)
  to   space 9216K, 0% used [0x00000000e6480000,0x00000000e6480000,0x00000000e6d80000)
 ParOldGen       total 55296K, used 21741K [0x00000000a0000000, 0x00000000a3600000, 0x00000000e0000000)
  object space 55296K, 39% used [0x00000000a0000000,0x00000000a153b568,0x00000000a3600000)
 Metaspace       used 48719K, capacity 49912K, committed 50048K, reserved 1091584K
  class space    used 6594K, capacity 6975K, committed 7040K, reserved 1048576K
Event: 26.530 GC heap after
Heap after GC invocations=18 (full 2):
 PSYoungGen      total 102912K, used 5363K [0x00000000e0000000, 0x00000000e6f80000, 0x0000000100000000)
  eden space 93696K, 0% used [0x00000000e0000000,0x00000000e0000000,0x00000000e5b80000)
  from space 9216K, 58% used [0x00000000e6480000,0x00000000e69bcc60,0x00000000e6d80000)
  to   space 9216K, 0% used [0x00000000e5b80000,0x00000000e5b80000,0x00000000e6480000)
 ParOldGen       total 55296K, used 28415K [0x00000000a0000000, 0x00000000a3600000, 0x00000000e0000000)
  object space 55296K, 51% used [0x00000000a0000000,0x00000000a1bbfed0,0x00000000a3600000)
 Metaspace       used 48719K, capacity 49912K, committed 50048K, reserved 1091584K
  class space    used 6594K, capacity 6975K, committed 7040K, reserved 1048576K
}

